2024-01-08 22:34:13.158 [info] Log level: Info
2024-01-08 22:34:13.158 [info] Validating found git in: "git"
2024-01-08 22:34:13.158 [info] Using git "2.34.1" from "git"
2024-01-08 22:34:13.158 [info] > git rev-parse --show-toplevel [4ms]
2024-01-08 22:34:13.158 [info] fatal: not a git repository (or any of the parent directories): .git
2024-01-08 22:34:13.160 [info] > git rev-parse --show-toplevel [2ms]
2024-01-08 22:34:13.160 [info] fatal: not a git repository (or any of the parent directories): .git
2024-01-08 22:34:13.168 [info] > git rev-parse --show-toplevel [2ms]
2024-01-08 22:34:13.168 [info] fatal: not a git repository (or any of the parent directories): .git
2024-01-08 22:34:13.172 [info] > git rev-parse --show-toplevel [1ms]
2024-01-08 22:34:13.172 [info] fatal: not a git repository (or any of the parent directories): .git
2024-01-08 22:34:13.179 [info] > git rev-parse --show-toplevel [1ms]
2024-01-08 22:34:13.179 [info] fatal: not a git repository (or any of the parent directories): .git
2024-01-08 22:35:05.833 [info] > git rev-parse --show-toplevel [1ms]
2024-01-08 22:35:05.833 [info] fatal: not a git repository (or any of the parent directories): .git
2024-01-08 22:36:17.897 [info] > git rev-parse --show-toplevel [1ms]
2024-01-08 22:36:17.904 [info] > git rev-parse --git-dir --git-common-dir [1ms]
2024-01-08 22:36:17.917 [info] Open repository: /home/anurgaliyev/Desktop/qum
2024-01-08 22:36:17.928 [info] No remotes found in the git config file.
2024-01-08 22:36:17.929 [info] > git config --get commit.template [6ms]
2024-01-08 22:36:17.929 [info] > git for-each-ref --format=%(refname)%00%(upstream:short)%00%(objectname)%00%(upstream:track)%00%(upstream:remotename)%00%(upstream:remoteref) refs/heads/master refs/remotes/master [2ms]
2024-01-08 22:36:17.937 [info] > git status -z -uall [3ms]
2024-01-08 22:36:17.965 [info] > git config --get commit.template [6ms]
2024-01-08 22:36:17.970 [info] No remotes found in the git config file.
2024-01-08 22:36:17.974 [info] > git for-each-ref --format=%(refname)%00%(upstream:short)%00%(objectname)%00%(upstream:track)%00%(upstream:remotename)%00%(upstream:remoteref) refs/heads/master refs/remotes/master [5ms]
2024-01-08 22:36:17.982 [info] > git status -z -uall [5ms]
2024-01-08 22:36:18.300 [info] > git show --textconv :app/page.tsx [20ms]
2024-01-08 22:36:18.304 [info] > git ls-files --stage -- /home/anurgaliyev/Desktop/qum/app/page.tsx [8ms]
2024-01-08 22:36:18.481 [info] > git check-ignore -v -z --stdin [3ms]
